{"level":"info","message":"HEllo from app","services":"devops-project"}
{"level":"info","message":"::1 - - [15/Sep/2025:04:00:43 +0000] \"GET / HTTP/1.1\" 304 - \"-\" \"Mozilla/5.0 (Windows NT 10.0; Win64; x64) AppleWebKit/537.36 (KHTML, like Gecko) Chrome/139.0.0.0 Safari/537.36\"","services":"devops-project"}
{"level":"info","message":"::1 - - [15/Sep/2025:08:38:35 +0000] \"GET /api/ HTTP/1.1\" 200 42 \"-\" \"PostmanRuntime/7.45.0\"","services":"devops-project"}
{"level":"info","message":"::1 - - [15/Sep/2025:08:38:49 +0000] \"GET /api/auth/sign-up HTTP/1.1\" 404 155 \"-\" \"PostmanRuntime/7.45.0\"","services":"devops-project"}
{"level":"info","message":"::1 - - [15/Sep/2025:08:39:08 +0000] \"POST /api/auth/sign-up HTTP/1.1\" 200 10 \"-\" \"PostmanRuntime/7.45.0\"","services":"devops-project"}
{"level":"info","message":"::1 - - [15/Sep/2025:13:59:05 +0000] \"POST /api/auth/sign-up HTTP/1.1\" 400 102 \"-\" \"PostmanRuntime/7.45.0\"","services":"devops-project"}
{"level":"info","message":"::1 - - [15/Sep/2025:14:00:12 +0000] \"POST /api/auth/sign-up HTTP/1.1\" 400 102 \"-\" \"PostmanRuntime/7.45.0\"","services":"devops-project"}
{"level":"info","message":"::1 - - [15/Sep/2025:14:00:19 +0000] \"POST /api/auth/sign-up HTTP/1.1\" 400 102 \"-\" \"PostmanRuntime/7.45.0\"","services":"devops-project"}
{"level":"info","message":"::1 - - [15/Sep/2025:14:00:42 +0000] \"POST /api/auth/sign-up HTTP/1.1\" 400 102 \"-\" \"PostmanRuntime/7.45.0\"","services":"devops-project"}
{"level":"info","message":"::1 - - [15/Sep/2025:14:02:12 +0000] \"POST /api/auth/sign-up HTTP/1.1\" 400 102 \"-\" \"PostmanRuntime/7.45.0\"","services":"devops-project"}
{"level":"info","message":"::1 - - [15/Sep/2025:14:11:46 +0000] \"POST /api/auth/sign-up HTTP/1.1\" 400 102 \"-\" \"PostmanRuntime/7.45.0\"","services":"devops-project"}
{"level":"info","message":"::1 - - [15/Sep/2025:14:11:55 +0000] \"POST /api/auth/sign-up HTTP/1.1\" 400 102 \"-\" \"PostmanRuntime/7.45.0\"","services":"devops-project"}
{"level":"info","message":"::1 - - [15/Sep/2025:14:12:46 +0000] \"POST /api/auth/sign-up HTTP/1.1\" 400 102 \"-\" \"PostmanRuntime/7.45.0\"","services":"devops-project"}
{"level":"info","message":"::1 - - [15/Sep/2025:14:17:31 +0000] \"POST /api/auth/sign-up HTTP/1.1\" 400 102 \"-\" \"PostmanRuntime/7.45.0\"","services":"devops-project"}
{"level":"info","message":"::1 - - [15/Sep/2025:14:24:14 +0000] \"POST /api/auth/sign-up HTTP/1.1\" 400 137 \"-\" \"PostmanRuntime/7.45.0\"","services":"devops-project"}
{"level":"info","message":"::1 - - [15/Sep/2025:14:24:32 +0000] \"POST /api/auth/sign-up HTTP/1.1\" 400 137 \"-\" \"PostmanRuntime/7.45.0\"","services":"devops-project"}
{"level":"info","message":"::1 - - [15/Sep/2025:14:25:35 +0000] \"POST /api/auth/sign-up HTTP/1.1\" 400 136 \"-\" \"PostmanRuntime/7.45.0\"","services":"devops-project"}
{"level":"info","message":"::1 - - [15/Sep/2025:14:25:42 +0000] \"POST /api/auth/sign-up HTTP/1.1\" 400 85 \"-\" \"PostmanRuntime/7.45.0\"","services":"devops-project"}
{"level":"info","message":"User registered successfully with rahul@exxample.com","services":"devops-project"}
{"level":"info","message":"::1 - - [15/Sep/2025:14:27:04 +0000] \"POST /api/auth/sign-up HTTP/1.1\" 201 103 \"-\" \"PostmanRuntime/7.45.0\"","services":"devops-project"}
{"level":"info","message":"::1 - - [15/Sep/2025:14:27:23 +0000] \"POST /api/auth/sign-up HTTP/1.1\" 400 85 \"-\" \"PostmanRuntime/7.45.0\"","services":"devops-project"}
{"level":"info","message":"User registered successfully with rahul@exxample.com","services":"devops-project"}
{"level":"info","message":"::1 - - [15/Sep/2025:14:27:37 +0000] \"POST /api/auth/sign-up HTTP/1.1\" 201 103 \"-\" \"PostmanRuntime/7.45.0\"","services":"devops-project"}
{"level":"error","message":"Sign up failed logger is not defined","services":"devops-project","stack":"ReferenceError: logger is not defined\n    at createUser (file:///C:/Users/hii/OneDrive/Desktop/Study/DevOps/project0/devOps-project/src/services/auth.service.js:38:5)\n    at signup (file:///C:/Users/hii/OneDrive/Desktop/Study/DevOps/project0/devOps-project/src/controllers/auth.controller.js:18:24)\n    at Layer.handleRequest (C:\\Users\\hii\\OneDrive\\Desktop\\Study\\DevOps\\project0\\devOps-project\\node_modules\\router\\lib\\layer.js:152:17)\n    at next (C:\\Users\\hii\\OneDrive\\Desktop\\Study\\DevOps\\project0\\devOps-project\\node_modules\\router\\lib\\route.js:157:13)\n    at Route.dispatch (C:\\Users\\hii\\OneDrive\\Desktop\\Study\\DevOps\\project0\\devOps-project\\node_modules\\router\\lib\\route.js:117:3)\n    at handle (C:\\Users\\hii\\OneDrive\\Desktop\\Study\\DevOps\\project0\\devOps-project\\node_modules\\router\\index.js:435:11)\n    at Layer.handleRequest (C:\\Users\\hii\\OneDrive\\Desktop\\Study\\DevOps\\project0\\devOps-project\\node_modules\\router\\lib\\layer.js:152:17)\n    at C:\\Users\\hii\\OneDrive\\Desktop\\Study\\DevOps\\project0\\devOps-project\\node_modules\\router\\index.js:295:15\n    at processParams (C:\\Users\\hii\\OneDrive\\Desktop\\Study\\DevOps\\project0\\devOps-project\\node_modules\\router\\index.js:582:12)\n    at next (C:\\Users\\hii\\OneDrive\\Desktop\\Study\\DevOps\\project0\\devOps-project\\node_modules\\router\\index.js:291:5)"}
{"level":"info","message":"::1 - - [15/Sep/2025:16:20:45 +0000] \"POST /api/auth/sign-up HTTP/1.1\" 500 1549 \"-\" \"PostmanRuntime/7.45.0\"","services":"devops-project"}
{"level":"error","message":"User creation in DB failed: ReferenceError: eq is not defined","services":"devops-project"}
{"level":"error","message":"Sign up failed e is not defined","services":"devops-project","stack":"ReferenceError: e is not defined\n    at createUser (file:///C:/Users/hii/OneDrive/Desktop/Study/DevOps/project0/devOps-project/src/services/auth.service.js:40:21)\n    at signup (file:///C:/Users/hii/OneDrive/Desktop/Study/DevOps/project0/devOps-project/src/controllers/auth.controller.js:18:24)\n    at Layer.handleRequest (C:\\Users\\hii\\OneDrive\\Desktop\\Study\\DevOps\\project0\\devOps-project\\node_modules\\router\\lib\\layer.js:152:17)\n    at next (C:\\Users\\hii\\OneDrive\\Desktop\\Study\\DevOps\\project0\\devOps-project\\node_modules\\router\\lib\\route.js:157:13)\n    at Route.dispatch (C:\\Users\\hii\\OneDrive\\Desktop\\Study\\DevOps\\project0\\devOps-project\\node_modules\\router\\lib\\route.js:117:3)\n    at handle (C:\\Users\\hii\\OneDrive\\Desktop\\Study\\DevOps\\project0\\devOps-project\\node_modules\\router\\index.js:435:11)\n    at Layer.handleRequest (C:\\Users\\hii\\OneDrive\\Desktop\\Study\\DevOps\\project0\\devOps-project\\node_modules\\router\\lib\\layer.js:152:17)\n    at C:\\Users\\hii\\OneDrive\\Desktop\\Study\\DevOps\\project0\\devOps-project\\node_modules\\router\\index.js:295:15\n    at processParams (C:\\Users\\hii\\OneDrive\\Desktop\\Study\\DevOps\\project0\\devOps-project\\node_modules\\router\\index.js:582:12)\n    at next (C:\\Users\\hii\\OneDrive\\Desktop\\Study\\DevOps\\project0\\devOps-project\\node_modules\\router\\index.js:291:5)"}
{"level":"info","message":"::1 - - [15/Sep/2025:16:21:06 +0000] \"POST /api/auth/sign-up HTTP/1.1\" 500 1545 \"-\" \"PostmanRuntime/7.45.0\"","services":"devops-project"}
{"level":"error","message":"User creation in DB failed: ReferenceError: eq is not defined","services":"devops-project"}
{"level":"error","message":"Sign up failed ReferenceError: eq is not defined","services":"devops-project","stack":"Error: ReferenceError: eq is not defined\n    at createUser (file:///C:/Users/hii/OneDrive/Desktop/Study/DevOps/project0/devOps-project/src/services/auth.service.js:40:11)\n    at signup (file:///C:/Users/hii/OneDrive/Desktop/Study/DevOps/project0/devOps-project/src/controllers/auth.controller.js:18:24)\n    at Layer.handleRequest (C:\\Users\\hii\\OneDrive\\Desktop\\Study\\DevOps\\project0\\devOps-project\\node_modules\\router\\lib\\layer.js:152:17)\n    at next (C:\\Users\\hii\\OneDrive\\Desktop\\Study\\DevOps\\project0\\devOps-project\\node_modules\\router\\lib\\route.js:157:13)\n    at Route.dispatch (C:\\Users\\hii\\OneDrive\\Desktop\\Study\\DevOps\\project0\\devOps-project\\node_modules\\router\\lib\\route.js:117:3)\n    at handle (C:\\Users\\hii\\OneDrive\\Desktop\\Study\\DevOps\\project0\\devOps-project\\node_modules\\router\\index.js:435:11)\n    at Layer.handleRequest (C:\\Users\\hii\\OneDrive\\Desktop\\Study\\DevOps\\project0\\devOps-project\\node_modules\\router\\lib\\layer.js:152:17)\n    at C:\\Users\\hii\\OneDrive\\Desktop\\Study\\DevOps\\project0\\devOps-project\\node_modules\\router\\index.js:295:15\n    at processParams (C:\\Users\\hii\\OneDrive\\Desktop\\Study\\DevOps\\project0\\devOps-project\\node_modules\\router\\index.js:582:12)\n    at next (C:\\Users\\hii\\OneDrive\\Desktop\\Study\\DevOps\\project0\\devOps-project\\node_modules\\router\\index.js:291:5)"}
{"level":"info","message":"::1 - - [15/Sep/2025:16:21:20 +0000] \"POST /api/auth/sign-up HTTP/1.1\" 500 1553 \"-\" \"PostmanRuntime/7.45.0\"","services":"devops-project"}
{"level":"error","message":"User creation in DB failed: ReferenceError: emil is not defined","services":"devops-project"}
{"level":"error","message":"Sign up failed ReferenceError: emil is not defined","services":"devops-project","stack":"Error: ReferenceError: emil is not defined\n    at createUser (file:///C:/Users/hii/OneDrive/Desktop/Study/DevOps/project0/devOps-project/src/services/auth.service.js:41:11)\n    at signup (file:///C:/Users/hii/OneDrive/Desktop/Study/DevOps/project0/devOps-project/src/controllers/auth.controller.js:18:24)\n    at Layer.handleRequest (C:\\Users\\hii\\OneDrive\\Desktop\\Study\\DevOps\\project0\\devOps-project\\node_modules\\router\\lib\\layer.js:152:17)\n    at next (C:\\Users\\hii\\OneDrive\\Desktop\\Study\\DevOps\\project0\\devOps-project\\node_modules\\router\\lib\\route.js:157:13)\n    at Route.dispatch (C:\\Users\\hii\\OneDrive\\Desktop\\Study\\DevOps\\project0\\devOps-project\\node_modules\\router\\lib\\route.js:117:3)\n    at handle (C:\\Users\\hii\\OneDrive\\Desktop\\Study\\DevOps\\project0\\devOps-project\\node_modules\\router\\index.js:435:11)\n    at Layer.handleRequest (C:\\Users\\hii\\OneDrive\\Desktop\\Study\\DevOps\\project0\\devOps-project\\node_modules\\router\\lib\\layer.js:152:17)\n    at C:\\Users\\hii\\OneDrive\\Desktop\\Study\\DevOps\\project0\\devOps-project\\node_modules\\router\\index.js:295:15\n    at processParams (C:\\Users\\hii\\OneDrive\\Desktop\\Study\\DevOps\\project0\\devOps-project\\node_modules\\router\\index.js:582:12)\n    at next (C:\\Users\\hii\\OneDrive\\Desktop\\Study\\DevOps\\project0\\devOps-project\\node_modules\\router\\index.js:291:5)"}
{"level":"info","message":"::1 - - [15/Sep/2025:16:22:27 +0000] \"POST /api/auth/sign-up HTTP/1.1\" 500 1555 \"-\" \"PostmanRuntime/7.45.0\"","services":"devops-project"}
{"level":"info","message":"user created successfully with email: [object Object]","services":"devops-project"}
{"level":"error","message":"Failed to create JWT token Expected \"options\" to be a plain object.","services":"devops-project","stack":"Error: Expected \"options\" to be a plain object.\n    at validate (C:\\Users\\hii\\OneDrive\\Desktop\\Study\\DevOps\\project0\\devOps-project\\node_modules\\jsonwebtoken\\sign.js:44:11)\n    at validateOptions (C:\\Users\\hii\\OneDrive\\Desktop\\Study\\DevOps\\project0\\devOps-project\\node_modules\\jsonwebtoken\\sign.js:62:10)\n    at module.exports [as sign] (C:\\Users\\hii\\OneDrive\\Desktop\\Study\\DevOps\\project0\\devOps-project\\node_modules\\jsonwebtoken\\sign.js:171:5)\n    at Object.sign (file:///C:/Users/hii/OneDrive/Desktop/Study/DevOps/project0/devOps-project/src/utils/jwt.js:10:18)\n    at signup (file:///C:/Users/hii/OneDrive/Desktop/Study/DevOps/project0/devOps-project/src/controllers/auth.controller.js:19:28)\n    at process.processTicksAndRejections (node:internal/process/task_queues:105:5)"}
{"level":"error","message":"Sign up failed Failed to create JWT token","services":"devops-project","stack":"Error: Failed to create JWT token\n    at Object.sign (file:///C:/Users/hii/OneDrive/Desktop/Study/DevOps/project0/devOps-project/src/utils/jwt.js:13:13)\n    at signup (file:///C:/Users/hii/OneDrive/Desktop/Study/DevOps/project0/devOps-project/src/controllers/auth.controller.js:19:28)\n    at process.processTicksAndRejections (node:internal/process/task_queues:105:5)"}
{"level":"info","message":"::1 - - [15/Sep/2025:16:23:17 +0000] \"POST /api/auth/sign-up HTTP/1.1\" 500 533 \"-\" \"PostmanRuntime/7.45.0\"","services":"devops-project"}
{"level":"error","message":"User creation in DB failed: Error: User already exists","services":"devops-project"}
{"level":"error","message":"Sign up failed Error: User already exists","services":"devops-project","stack":"Error: Error: User already exists\n    at createUser (file:///C:/Users/hii/OneDrive/Desktop/Study/DevOps/project0/devOps-project/src/services/auth.service.js:41:11)\n    at process.processTicksAndRejections (node:internal/process/task_queues:105:5)\n    at async signup (file:///C:/Users/hii/OneDrive/Desktop/Study/DevOps/project0/devOps-project/src/controllers/auth.controller.js:18:18)"}
{"level":"info","message":"::1 - - [15/Sep/2025:16:25:42 +0000] \"POST /api/auth/sign-up HTTP/1.1\" 500 550 \"-\" \"PostmanRuntime/7.45.0\"","services":"devops-project"}
{"level":"error","message":"User creation in DB failed: Error: User already exists","services":"devops-project"}
{"level":"error","message":"Sign up failed Error: User already exists","services":"devops-project","stack":"Error: Error: User already exists\n    at createUser (file:///C:/Users/hii/OneDrive/Desktop/Study/DevOps/project0/devOps-project/src/services/auth.service.js:42:11)\n    at process.processTicksAndRejections (node:internal/process/task_queues:105:5)\n    at async signup (file:///C:/Users/hii/OneDrive/Desktop/Study/DevOps/project0/devOps-project/src/controllers/auth.controller.js:18:18)"}
{"level":"info","message":"::1 - - [15/Sep/2025:16:27:43 +0000] \"POST /api/auth/sign-up HTTP/1.1\" 500 550 \"-\" \"PostmanRuntime/7.45.0\"","services":"devops-project"}
{"level":"info","message":"user created successfully with email: [object Object]","services":"devops-project"}
{"level":"error","message":"Failed to create JWT token Expected \"options\" to be a plain object.","services":"devops-project","stack":"Error: Expected \"options\" to be a plain object.\n    at validate (C:\\Users\\hii\\OneDrive\\Desktop\\Study\\DevOps\\project0\\devOps-project\\node_modules\\jsonwebtoken\\sign.js:44:11)\n    at validateOptions (C:\\Users\\hii\\OneDrive\\Desktop\\Study\\DevOps\\project0\\devOps-project\\node_modules\\jsonwebtoken\\sign.js:62:10)\n    at module.exports [as sign] (C:\\Users\\hii\\OneDrive\\Desktop\\Study\\DevOps\\project0\\devOps-project\\node_modules\\jsonwebtoken\\sign.js:171:5)\n    at Object.sign (file:///C:/Users/hii/OneDrive/Desktop/Study/DevOps/project0/devOps-project/src/utils/jwt.js:11:18)\n    at signup (file:///C:/Users/hii/OneDrive/Desktop/Study/DevOps/project0/devOps-project/src/controllers/auth.controller.js:19:28)\n    at process.processTicksAndRejections (node:internal/process/task_queues:105:5)"}
{"level":"error","message":"Sign up failed Failed to create JWT token","services":"devops-project","stack":"Error: Failed to create JWT token\n    at Object.sign (file:///C:/Users/hii/OneDrive/Desktop/Study/DevOps/project0/devOps-project/src/utils/jwt.js:14:13)\n    at signup (file:///C:/Users/hii/OneDrive/Desktop/Study/DevOps/project0/devOps-project/src/controllers/auth.controller.js:19:28)\n    at process.processTicksAndRejections (node:internal/process/task_queues:105:5)"}
{"level":"info","message":"::1 - - [15/Sep/2025:16:28:29 +0000] \"POST /api/auth/sign-up HTTP/1.1\" 500 533 \"-\" \"PostmanRuntime/7.45.0\"","services":"devops-project"}
{"level":"info","message":"user created successfully with email: [object Object]","services":"devops-project"}
{"level":"info","message":"User registered successfully with rahul3@exxample.com","services":"devops-project"}
{"level":"info","message":"::1 - - [15/Sep/2025:16:33:18 +0000] \"POST /api/auth/sign-up HTTP/1.1\" 201 39 \"-\" \"PostmanRuntime/7.45.0\"","services":"devops-project"}
{"level":"info","message":"user created successfully with email: [object Object]","services":"devops-project"}
{"level":"info","message":"User registered successfully with rahul4@exxample.com","services":"devops-project"}
{"level":"info","message":"::1 - - [15/Sep/2025:16:35:12 +0000] \"POST /api/auth/sign-up HTTP/1.1\" 201 39 \"-\" \"PostmanRuntime/7.45.0\"","services":"devops-project"}
{"level":"info","message":"user created successfully with email: [object Object]","services":"devops-project"}
{"level":"info","message":"User registered successfully with rahul5@exxample.com","services":"devops-project"}
{"level":"info","message":"::1 - - [15/Sep/2025:16:36:00 +0000] \"POST /api/auth/sign-up HTTP/1.1\" 201 98 \"-\" \"PostmanRuntime/7.45.0\"","services":"devops-project"}
